2024-07-06 00:22:41.129  INFO 26260 --- [main] com.kkk.Main                             : Starting Main using Java 1.8.0_351 on LAPTOP-O79UOV3L with PID 26260 (E:\面试大厂\java测试\TestLogin\target\classes started by 喻凯 in E:\面试大厂\java测试\TestLogin)
2024-07-06 00:22:41.133  INFO 26260 --- [main] com.kkk.Main                             : No active profile set, falling back to default profiles: default
2024-07-06 00:22:42.071  INFO 26260 --- [main] o.s.b.w.embedded.tomcat.TomcatWebServer  : Tomcat initialized with port(s): 8971 (http)
2024-07-06 00:22:42.077  INFO 26260 --- [main] o.apache.catalina.core.StandardService   : Starting service [Tomcat]
2024-07-06 00:22:42.078  INFO 26260 --- [main] org.apache.catalina.core.StandardEngine  : Starting Servlet engine: [Apache Tomcat/9.0.45]
2024-07-06 00:22:42.136  INFO 26260 --- [main] o.a.c.c.C.[Tomcat].[localhost].[/]       : Initializing Spring embedded WebApplicationContext
2024-07-06 00:22:42.136  INFO 26260 --- [main] w.s.c.ServletWebServerApplicationContext : Root WebApplicationContext: initialization completed in 974 ms
2024-07-06 00:22:42.188  INFO 26260 --- [main] com.kkk.common.config.OssConfiguration   : 开始创建阿里云文件oss对象
2024-07-06 00:22:42.240  INFO 26260 --- [main] c.a.d.s.b.a.DruidDataSourceAutoConfigure : Init DruidDataSource
2024-07-06 00:22:42.311  INFO 26260 --- [main] com.alibaba.druid.pool.DruidDataSource   : {dataSource-1} inited
2024-07-06 00:22:43.302  INFO 26260 --- [main] pertySourcedRequestMappingHandlerMapping : Mapped URL path [/v2/api-docs] onto method [springfox.documentation.swagger2.web.Swagger2Controller#getDocumentation(String, HttpServletRequest)]
2024-07-06 00:22:43.347  INFO 26260 --- [main] o.s.s.concurrent.ThreadPoolTaskExecutor  : Initializing ExecutorService 'applicationTaskExecutor'
2024-07-06 00:22:43.484  INFO 26260 --- [main] o.s.b.w.embedded.tomcat.TomcatWebServer  : Tomcat started on port(s): 8971 (http) with context path ''
2024-07-06 00:22:43.485  INFO 26260 --- [main] d.s.w.p.DocumentationPluginsBootstrapper : Context refreshed
2024-07-06 00:22:43.495  INFO 26260 --- [main] d.s.w.p.DocumentationPluginsBootstrapper : Found 1 custom documentation plugin(s)
2024-07-06 00:22:43.512  INFO 26260 --- [main] s.d.s.w.s.ApiListingReferenceScanner     : Scanning for api listing references
2024-07-06 00:22:43.607  INFO 26260 --- [main] com.kkk.Main                             : Started Main in 2.742 seconds (JVM running for 3.757)
2024-07-06 00:59:18.243  INFO 26260 --- [http-nio-8971-exec-3] o.a.c.c.C.[Tomcat].[localhost].[/]       : Initializing Spring DispatcherServlet 'dispatcherServlet'
2024-07-06 00:59:18.244  INFO 26260 --- [http-nio-8971-exec-3] o.s.web.servlet.DispatcherServlet        : Initializing Servlet 'dispatcherServlet'
2024-07-06 00:59:18.245  INFO 26260 --- [http-nio-8971-exec-3] o.s.web.servlet.DispatcherServlet        : Completed initialization in 1 ms
2024-07-06 01:01:18.470  INFO 26260 --- [SpringContextShutdownHook] o.s.s.concurrent.ThreadPoolTaskExecutor  : Shutting down ExecutorService 'applicationTaskExecutor'
2024-07-06 01:01:18.471  INFO 26260 --- [SpringContextShutdownHook] com.alibaba.druid.pool.DruidDataSource   : {dataSource-1} closing ...
2024-07-06 01:01:18.472  INFO 26260 --- [SpringContextShutdownHook] com.alibaba.druid.pool.DruidDataSource   : {dataSource-1} closed
